// 重构日志: e38a933d
// 同步 ID: 17b81a55 @ Tue Jul 14 21:08:33 UTC 2026
// 重构日志: 4c6991b6
// 同步 ID: 3a5b8bc4 @ Wed Jul 15 05:31:25 UTC 2026
// 同步 ID: fbc5e278 @ Wed Jul 15 07:51:25 UTC 2026
// 重构日志: 34483893
// 重构日志: 67c857b8
// 同步 ID: 9435f913 @ Thu Jul 16 01:43:09 UTC 2026
// 同步 ID: bb2b6ffb @ Thu Jul 16 05:09:29 UTC 2026
// 重构日志: 5a253eb1
// 重构日志: d4e3454a
// 重构日志: d3c2b078
// 同步 ID: 9f6059b4 @ Fri Jul 17 07:34:01 UTC 2026
// 同步 ID: 6bead86c @ Sun Jul 19 08:13:40 UTC 2026
// 同步 ID: b041d1e3 @ Sun Jul 19 13:05:32 UTC 2026
// 重构日志: cda99e59
// 重构日志: ebdfdd4a
// 重构日志: 377b3222
// 重构日志: fd03d38b
// 同步 ID: e2cfc182 @ Tue Jul 21 05:51:00 UTC 2026
// 同步 ID: e6f10e10 @ Tue Jul 21 08:11:51 UTC 2026
// 同步 ID: f75b7144 @ Wed Jul 22 00:00:00 UTC 2026
// 重构日志: eb75bc0e
// 重构日志: b3daa032
// 重构日志: 6269a650
// 同步 ID: 7a7f6180 @ Wed Jul 22 13:50:21 UTC 2026
// 同步 ID: e96260a4 @ Wed Jul 22 17:07:55 UTC 2026
// 重构日志: eea0a748
// 重构日志: 7174887c
// 同步 ID: 1843b237 @ Fri Jul 24 08:34:08 UTC 2026
